<?xml version="1.0" encoding="UTF-8"?>
<!-- Generated by org.testng.reporters.JUnitXMLReporter -->
<testsuite ignored="3" hostname="Sravani" failures="0" tests="13" name="Test" time="42.45" errors="0" timestamp="27 Dec 2022 10:22:12 GMT">
  <testcase classname="testngAnnotations.Dependency" name="OpenBrowser" time="0.007"/>
  <testcase classname="testngAnnotations.Dependency" name="SignIn" time="0.001"/>
  <testcase classname="testngAnnotations.Dependency" name="LogOut" time="0.001"/>
  <testcase classname="testngAnnotations.Groups" name="testCase1" time="0.0"/>
  <testcase classname="testngAnnotations.Groups" name="testCase2" time="0.0"/>
  <testcase classname="testngAnnotations.Groups" name="testCase3" time="0.0"/>
  <testcase classname="testngAnnotations.priorities" name="registerAccount" time="0.001"/>
  <testcase classname="testngAnnotations.TestNGAnnotations" name="HrmForgotPassword" time="11.123"/>
  <testcase classname="testngAnnotations.TestCases" name="webTable" time="0.938"/>
  <testcase classname="testngAnnotations.priorities" name="login" time="0.002"/>
  <testcase classname="testngAnnotations.TestCases" name="resetPassword" time="12.287"/>
  <testcase classname="testngAnnotations.priorities" name="sendEmail" time="0.012"/>
  <testcase classname="testngAnnotations.TestCases" name="hrmLogin" time="18.028"/>
  <testcase classname="testngAnnotations.TestNGAnnotations" name="HRMLogin" time="0.0">
    <ignored/>
  </testcase> <!-- HRMLogin -->
  <testcase classname="testngAnnotations.priorities" name="HrmLogin" time="0.0">
    <ignored/>
  </testcase> <!-- HrmLogin -->
  <testcase classname="testngAnnotations.Groups" name="testCase4" time="0.0">
    <ignored/>
  </testcase> <!-- testCase4 -->
</testsuite> <!-- Test -->
