<?xml version="1.0" encoding="UTF-8"?>
<!-- Generated by org.testng.reporters.JUnitXMLReporter -->
<testsuite ignored="3" hostname="Sravani" failures="0" tests="13" name="Test" time="37.472" errors="0" timestamp="18 Nov 2022 14:13:57 GMT">
  <testcase classname="testngAnnotations.Dependency" name="OpenBrowser" time="0.003"/>
  <testcase classname="testngAnnotations.Dependency" name="SignIn" time="0.0"/>
  <testcase classname="testngAnnotations.Dependency" name="LogOut" time="0.001"/>
  <testcase classname="testngAnnotations.Groups" name="testCase1" time="0.002"/>
  <testcase classname="testngAnnotations.Groups" name="testCase2" time="0.001"/>
  <testcase classname="testngAnnotations.Groups" name="testCase3" time="0.001"/>
  <testcase classname="testngAnnotations.priorities" name="registerAccount" time="0.0"/>
  <testcase classname="testngAnnotations.TestNGAnnotations" name="HrmForgotPassword" time="11.494"/>
  <testcase classname="testngAnnotations.TestCases" name="webTable" time="0.869"/>
  <testcase classname="testngAnnotations.priorities" name="login" time="0.001"/>
  <testcase classname="testngAnnotations.TestCases" name="resetPassword" time="10.003"/>
  <testcase classname="testngAnnotations.priorities" name="sendEmail" time="0.002"/>
  <testcase classname="testngAnnotations.TestCases" name="hrmLogin" time="15.065"/>
  <testcase classname="testngAnnotations.TestNGAnnotations" name="HRMLogin" time="0.0">
    <ignored/>
  </testcase> <!-- HRMLogin -->
  <testcase classname="testngAnnotations.priorities" name="HrmLogin" time="0.0">
    <ignored/>
  </testcase> <!-- HrmLogin -->
  <testcase classname="testngAnnotations.Groups" name="testCase4" time="0.0">
    <ignored/>
  </testcase> <!-- testCase4 -->
</testsuite> <!-- Test -->
